<?xml version="1.0" encoding="UTF-8"?>
<!-- Generated by org.testng.reporters.JUnitXMLReporter -->
<testsuite ignored="0" hostname="GT0308" failures="0" tests="3" name="Default test" time="99.626" errors="0" timestamp="2024-09-25T13:01:47 IST">
  <testcase classname="practo_tests.Practo_test" name="Test1" time="27.604"/>
  <testcase classname="practo_tests.Practo_test" name="Test2" time="39.916"/>
  <testcase classname="practo_tests.Practo_test" name="Test3" time="31.427"/>
</testsuite> <!-- Default test -->
