<?xml version="1.0" encoding="UTF-8"?>
<testng-results ignored="0" total="3" passed="3" failed="0" skipped="0">
  <reporter-output>
  </reporter-output>
  <suite started-at="2024-09-25T13:00:07 IST" name="Default suite" finished-at="2024-09-25T13:01:47 IST" duration-ms="99626">
    <groups>
    </groups>
    <test started-at="2024-09-25T13:00:07 IST" name="Default test" finished-at="2024-09-25T13:01:47 IST" duration-ms="99626">
      <class name="practo_tests.Practo_test">
        <test-method is-config="true" signature="loadConfig()[pri:0, instance:practo_tests.Practo_test@2892d68]" started-at="2024-09-25T13:00:07 IST" name="loadConfig" finished-at="2024-09-25T13:00:07 IST" duration-ms="11" status="PASS">
          <reporter-output>
          </reporter-output>
        </test-method> <!-- loadConfig -->
        <test-method is-config="true" signature="report_set()[pri:0, instance:practo_tests.Practo_test@2892d68]" started-at="2024-09-25T13:00:07 IST" name="report_set" finished-at="2024-09-25T13:00:07 IST" duration-ms="285" status="PASS">
          <reporter-output>
          </reporter-output>
        </test-method> <!-- report_set -->
        <test-method signature="Test1()[pri:1, instance:practo_tests.Practo_test@2892d68]" started-at="2024-09-25T13:00:07 IST" name="Test1" finished-at="2024-09-25T13:00:35 IST" duration-ms="27604" status="PASS">
          <reporter-output>
          </reporter-output>
        </test-method> <!-- Test1 -->
        <test-method signature="Test2()[pri:2, instance:practo_tests.Practo_test@2892d68]" started-at="2024-09-25T13:00:35 IST" name="Test2" finished-at="2024-09-25T13:01:15 IST" duration-ms="39916" status="PASS">
          <reporter-output>
          </reporter-output>
        </test-method> <!-- Test2 -->
        <test-method signature="Test3()[pri:3, instance:practo_tests.Practo_test@2892d68]" started-at="2024-09-25T13:01:15 IST" name="Test3" finished-at="2024-09-25T13:01:46 IST" duration-ms="31427" status="PASS">
          <reporter-output>
          </reporter-output>
        </test-method> <!-- Test3 -->
        <test-method is-config="true" signature="reports()[pri:0, instance:practo_tests.Practo_test@2892d68]" started-at="2024-09-25T13:01:46 IST" name="reports" finished-at="2024-09-25T13:01:47 IST" duration-ms="357" status="PASS">
          <reporter-output>
          </reporter-output>
        </test-method> <!-- reports -->
      </class> <!-- practo_tests.Practo_test -->
    </test> <!-- Default test -->
  </suite> <!-- Default suite -->
</testng-results>
