<?xml version="1.0" encoding="UTF-8"?>
<!-- Generated by org.testng.reporters.JUnitXMLReporter -->
<testsuite ignored="1" hostname="GT0308" failures="0" tests="3" name="practo" time="87.624" errors="0" timestamp="2024-09-25T12:35:51 IST">
  <testcase classname="practo_tests.Practo_test" name="Test1" time="24.793"/>
  <testcase classname="practo_tests.Practo_test" name="Test2" time="33.83"/>
  <testcase classname="practo_tests.Practo_test" name="Test3" time="28.001"/>
  <testcase classname="base.base" name="@BeforeSuite loadConfig" time="0.0">
    <ignored/>
  </testcase> <!-- @BeforeSuite loadConfig -->
</testsuite> <!-- practo -->
